Using pre-set license
Built from '2021.2/staging' branch; Version is '2021.2.2f1 (5e2b1e92c7f8) revision 6171422'; Using compiler version '192829333'; Build Type 'Release'
OS: 'Windows 10 Home Single Language; OS build 18363.592; Version 1909; 64bit' Language: 'es' Physical Memory: 3981 MB
BatchMode: 1, IsHumanControllingUs: 0, StartBugReporterOnCrash: 0, Is64bit: 1, IsPro: 0

COMMAND LINE ARGUMENTS:
C:\Program Files\Unity\Hub\Editor\2021.2.2f1\Editor\Unity.exe
-adb2
-batchMode
-noUpm
-name
AssetImportWorker18
-projectPath
C:/Users/usuario/OneDrive/Documentos/GitHub/Juego_Memorama/New Unity Project
-logFile
Logs/AssetImportWorker18.log
-srvPort
51042
Successfully changed project path to: C:/Users/usuario/OneDrive/Documentos/GitHub/Juego_Memorama/New Unity Project
C:/Users/usuario/OneDrive/Documentos/GitHub/Juego_Memorama/New Unity Project
[UnityMemory] Configuration Parameters - Can be set up in boot.config
    "memorysetup-bucket-allocator-granularity=16"
    "memorysetup-bucket-allocator-bucket-count=8"
    "memorysetup-bucket-allocator-block-size=33554432"
    "memorysetup-bucket-allocator-block-count=8"
    "memorysetup-main-allocator-block-size=16777216"
    "memorysetup-thread-allocator-block-size=16777216"
    "memorysetup-gfx-main-allocator-block-size=16777216"
    "memorysetup-gfx-thread-allocator-block-size=16777216"
    "memorysetup-cache-allocator-block-size=4194304"
    "memorysetup-typetree-allocator-block-size=2097152"
    "memorysetup-profiler-bucket-allocator-granularity=16"
    "memorysetup-profiler-bucket-allocator-bucket-count=8"
    "memorysetup-profiler-bucket-allocator-block-size=33554432"
    "memorysetup-profiler-bucket-allocator-block-count=8"
    "memorysetup-profiler-allocator-block-size=16777216"
    "memorysetup-profiler-editor-allocator-block-size=1048576"
    "memorysetup-temp-allocator-size-main=16777216"
    "memorysetup-job-temp-allocator-block-size=2097152"
    "memorysetup-job-temp-allocator-block-size-background=1048576"
    "memorysetup-job-temp-allocator-reduction-small-platforms=262144"
    "memorysetup-temp-allocator-size-background-worker=32768"
    "memorysetup-temp-allocator-size-job-worker=262144"
    "memorysetup-temp-allocator-size-preload-manager=33554432"
    "memorysetup-temp-allocator-size-nav-mesh-worker=65536"
    "memorysetup-temp-allocator-size-audio-worker=65536"
    "memorysetup-temp-allocator-size-cloud-worker=32768"
    "memorysetup-temp-allocator-size-gi-baking-worker=262144"
    "memorysetup-temp-allocator-size-gfx=262144"
Refreshing native plugins compatible for Editor in 368.38 ms, found 3 plugins.
Preloading 0 native plugins for Editor in 0.00 ms.
Initialize engine version: 2021.2.2f1 (5e2b1e92c7f8)
[Subsystems] Discovering subsystems at path C:/Program Files/Unity/Hub/Editor/2021.2.2f1/Editor/Data/Resources/UnitySubsystems
[Subsystems] Discovering subsystems at path C:/Users/usuario/OneDrive/Documentos/GitHub/Juego_Memorama/New Unity Project/Assets
GfxDevice: creating device client; threaded=0; jobified=0
Direct3D:
    Version:  Direct3D 11.0 [level 11.1]
    Renderer: AMD Radeon(TM) R3 Graphics (ID=0x98e4)
    Vendor:   ATI
    VRAM:     1990 MB
    Driver:   27.20.1034.6
Initialize mono
Mono path[0] = 'C:/Program Files/Unity/Hub/Editor/2021.2.2f1/Editor/Data/Managed'
Mono path[1] = 'C:/Program Files/Unity/Hub/Editor/2021.2.2f1/Editor/Data/MonoBleedingEdge/lib/mono/unityjit-win32'
Mono config path = 'C:/Program Files/Unity/Hub/Editor/2021.2.2f1/Editor/Data/MonoBleedingEdge/etc'
Using monoOptions --debugger-agent=transport=dt_socket,embedding=1,server=y,suspend=n,address=127.0.0.1:56268
Begin MonoManager ReloadAssembly
Registering precompiled unity dll's ...
Register platform support module: C:/Program Files/Unity/Hub/Editor/2021.2.2f1/Editor/Data/PlaybackEngines/WindowsStandaloneSupport/UnityEditor.WindowsStandalone.Extensions.dll
Registered in 0.531367 seconds.
Native extension for WindowsStandalone target not found
Refreshing native plugins compatible for Editor in 273.34 ms, found 3 plugins.
Preloading 0 native plugins for Editor in 0.00 ms.
Mono: successfully reloaded assembly
- Completed reload, in  5.174 seconds
Domain Reload Profiling:
	ReloadAssembly (5176ms)
		BeginReloadAssembly (581ms)
			ExecutionOrderSort (0ms)
			DisableScriptedObjects (0ms)
			BackupInstance (0ms)
			ReleaseScriptingObjects (0ms)
			CreateAndSetChildDomain (2ms)
		EndReloadAssembly (3483ms)
			LoadAssemblies (574ms)
			RebuildTransferFunctionScriptingTraits (0ms)
			SetupTypeCache (1046ms)
			ReleaseScriptCaches (0ms)
			RebuildScriptCaches (258ms)
			SetupLoadedEditorAssemblies (1699ms)
				LogAssemblyErrors (0ms)
				InitializePlatformSupportModulesInManaged (59ms)
				SetLoadedEditorAssemblies (1ms)
				RefreshPlugins (274ms)
				BeforeProcessingInitializeOnLoad (5ms)
				ProcessInitializeOnLoadAttributes (1044ms)
				ProcessInitializeOnLoadMethodAttributes (317ms)
				AfterProcessingInitializeOnLoad (0ms)
				EditorAssembliesLoaded (0ms)
			ExecutionOrderSort2 (0ms)
			AwakeInstancesAfterBackupRestoration (0ms)
Platform modules already initialized, skipping
Registering precompiled user dll's ...
Registered in 0.026894 seconds.
Begin MonoManager ReloadAssembly
Native extension for WindowsStandalone target not found
Refreshing native plugins compatible for Editor in 148.15 ms, found 3 plugins.
Preloading 0 native plugins for Editor in 0.00 ms.
Mono: successfully reloaded assembly
- Completed reload, in  9.548 seconds
Domain Reload Profiling:
	ReloadAssembly (9552ms)
		BeginReloadAssembly (768ms)
			ExecutionOrderSort (0ms)
			DisableScriptedObjects (24ms)
			BackupInstance (0ms)
			ReleaseScriptingObjects (0ms)
			CreateAndSetChildDomain (72ms)
		EndReloadAssembly (8335ms)
			LoadAssemblies (332ms)
			RebuildTransferFunctionScriptingTraits (0ms)
			SetupTypeCache (868ms)
			ReleaseScriptCaches (2ms)
			RebuildScriptCaches (210ms)
			SetupLoadedEditorAssemblies (6381ms)
				LogAssemblyErrors (0ms)
				InitializePlatformSupportModulesInManaged (44ms)
				SetLoadedEditorAssemblies (1ms)
				RefreshPlugins (148ms)
				BeforeProcessingInitializeOnLoad (262ms)
				ProcessInitializeOnLoadAttributes (5514ms)
				ProcessInitializeOnLoadMethodAttributes (307ms)
				AfterProcessingInitializeOnLoad (103ms)
				EditorAssembliesLoaded (1ms)
			ExecutionOrderSort2 (0ms)
			AwakeInstancesAfterBackupRestoration (85ms)
Platform modules already initialized, skipping
========================================================================
Worker process is ready to serve import requests
Launched and connected shader compiler UnityShaderCompiler.exe after 0.29 seconds
Refreshing native plugins compatible for Editor in 1.78 ms, found 3 plugins.
Preloading 0 native plugins for Editor in 0.00 ms.
Unloading 2445 Unused Serialized files (Serialized files now loaded: 0)
Unloading 46 unused Assets / (55.5 KB). Loaded Objects now: 2892.
Memory consumption went from 114.6 MB to 114.5 MB.
Total: 17.491800 ms (FindLiveObjects: 0.601200 ms CreateObjectMapping: 1.421500 ms MarkObjects: 15.003800 ms  DeleteObjects: 0.461400 ms)

AssetImportParameters requested are different than current active one (requested -> active):
  custom:video-decoder-ogg-theora: a1e56fd34408186e4bbccfd4996cb3dc -> 
  custom:container-muxer-webm: aa71ff27fc2769a1b78a27578f13a17b -> 
  custom:container-demuxer-webm: 4f35f7cbe854078d1ac9338744f61a02 -> 
  custom:video-encoder-webm-vp8: eb34c28f22e8b96e1ab97ce403110664 -> 
  custom:audio-encoder-webm-vorbis: bf7c407c2cedff20999df2af8eb42d56 -> 
  custom:framework-win-MediaFoundation: 216162199b28c13a410421893ffa2e32 -> 
  custom:container-demuxer-ogg: 62fdf1f143b41e24485cea50d1cbac27 -> 
  custom:video-decoder-webm-vp8: 9c59270c3fd7afecdb556c50c9e8de78 -> 
  custom:audio-decoder-ogg-vorbis: bf7c407c2cedff20999df2af8eb42d56 -> 
========================================================================
Received Import Request.
  Time since last request: 3852.505919 seconds.
  path: Assets/Sprites/Sin título2.png
  artifactKey: Guid(9d3a657ec71fbfb4f8b94e0a78e25e54) Importer(815301076,1909f56bfc062723c751e8b465ee728b)
Start importing Assets/Sprites/Sin título2.png using Guid(9d3a657ec71fbfb4f8b94e0a78e25e54) Importer(815301076,1909f56bfc062723c751e8b465ee728b)  -> (artifact id: '4753d8f3272b5aae2e107f00d8aa0dcf') in 0.759434 seconds 
========================================================================
Received Import Request.
  Time since last request: 0.000120 seconds.
  path: Assets/Sprites/Sin título 1.png
  artifactKey: Guid(0f5c39981e7c4f947908b62b5807e29b) Importer(815301076,1909f56bfc062723c751e8b465ee728b)
Start importing Assets/Sprites/Sin título 1.png using Guid(0f5c39981e7c4f947908b62b5807e29b) Importer(815301076,1909f56bfc062723c751e8b465ee728b)  -> (artifact id: 'e4a7627991994fe6e2a0cd58e7646d37') in 0.283778 seconds 
========================================================================
Received Import Request.
  Time since last request: 0.000092 seconds.
  path: Assets/Sprites/Sin título.png
  artifactKey: Guid(b9f57b57cf186e349ba2552cf40ba82d) Importer(815301076,1909f56bfc062723c751e8b465ee728b)
Start importing Assets/Sprites/Sin título.png using Guid(b9f57b57cf186e349ba2552cf40ba82d) Importer(815301076,1909f56bfc062723c751e8b465ee728b)  -> (artifact id: 'e4e7fb6cef0c5fcf046cd41e983dc904') in 0.107114 seconds 
========================================================================
Received Import Request.
  Time since last request: 1081.846561 seconds.
  path: Assets/Sprites/Sin título3.png
  artifactKey: Guid(07b7d85aa666f764b964d23aa2f112c4) Importer(815301076,1909f56bfc062723c751e8b465ee728b)
Start importing Assets/Sprites/Sin título3.png using Guid(07b7d85aa666f764b964d23aa2f112c4) Importer(815301076,1909f56bfc062723c751e8b465ee728b)  -> (artifact id: '7bcbb84b121633d424eecf38c81d8c8a') in 0.243818 seconds 
========================================================================
Received Prepare
Registering precompiled user dll's ...
Registered in 0.221934 seconds.
Begin MonoManager ReloadAssembly
Native extension for WindowsStandalone target not found
Refreshing native plugins compatible for Editor in 2.99 ms, found 3 plugins.
Preloading 0 native plugins for Editor in 0.00 ms.
Mono: successfully reloaded assembly
- Completed reload, in 13.325 seconds
Domain Reload Profiling:
	ReloadAssembly (13328ms)
		BeginReloadAssembly (1619ms)
			ExecutionOrderSort (0ms)
			DisableScriptedObjects (117ms)
			BackupInstance (0ms)
			ReleaseScriptingObjects (0ms)
			CreateAndSetChildDomain (271ms)
		EndReloadAssembly (10609ms)
			LoadAssemblies (1284ms)
			RebuildTransferFunctionScriptingTraits (0ms)
			SetupTypeCache (2197ms)
			ReleaseScriptCaches (7ms)
			RebuildScriptCaches (441ms)
			SetupLoadedEditorAssemblies (5412ms)
				LogAssemblyErrors (0ms)
				InitializePlatformSupportModulesInManaged (69ms)
				SetLoadedEditorAssemblies (2ms)
				RefreshPlugins (7ms)
				BeforeProcessingInitializeOnLoad (863ms)
				ProcessInitializeOnLoadAttributes (3942ms)
				ProcessInitializeOnLoadMethodAttributes (499ms)
				AfterProcessingInitializeOnLoad (30ms)
				EditorAssembliesLoaded (1ms)
			ExecutionOrderSort2 (0ms)
			AwakeInstancesAfterBackupRestoration (205ms)
Platform modules already initialized, skipping
Refreshing native plugins compatible for Editor in 4.57 ms, found 3 plugins.
Preloading 0 native plugins for Editor in 0.00 ms.
Unloading 2425 Unused Serialized files (Serialized files now loaded: 0)
Unloading 35 unused Assets / (25.6 KB). Loaded Objects now: 2963.
Memory consumption went from 121.0 MB to 120.9 MB.
Total: 61.536200 ms (FindLiveObjects: 0.728200 ms CreateObjectMapping: 0.905200 ms MarkObjects: 59.738700 ms  DeleteObjects: 0.160100 ms)

AssetImportParameters requested are different than current active one (requested -> active):
  custom:video-decoder-ogg-theora: a1e56fd34408186e4bbccfd4996cb3dc -> 
  custom:container-muxer-webm: aa71ff27fc2769a1b78a27578f13a17b -> 
  custom:container-demuxer-webm: 4f35f7cbe854078d1ac9338744f61a02 -> 
  custom:video-encoder-webm-vp8: eb34c28f22e8b96e1ab97ce403110664 -> 
  custom:audio-encoder-webm-vorbis: bf7c407c2cedff20999df2af8eb42d56 -> 
  custom:framework-win-MediaFoundation: 216162199b28c13a410421893ffa2e32 -> 
  custom:container-demuxer-ogg: 62fdf1f143b41e24485cea50d1cbac27 -> 
  custom:video-decoder-webm-vp8: 9c59270c3fd7afecdb556c50c9e8de78 -> 
  custom:audio-decoder-ogg-vorbis: bf7c407c2cedff20999df2af8eb42d56 -> 
========================================================================
Received Import Request.
  Time since last request: 257.021497 seconds.
  path: Assets/Sprites/f2.png
  artifactKey: Guid(196590c16a9eefe4ca4ed38ed76ac0bc) Importer(815301076,1909f56bfc062723c751e8b465ee728b)
Start importing Assets/Sprites/f2.png using Guid(196590c16a9eefe4ca4ed38ed76ac0bc) Importer(815301076,1909f56bfc062723c751e8b465ee728b)  -> (artifact id: 'b5358a033d835124c0fd3f2abb1cc51d') in 0.836642 seconds 
========================================================================
Received Import Request.
  Time since last request: 0.024928 seconds.
  path: Assets/Sprites/f1.png
  artifactKey: Guid(675b8979f79ed25449da6fd206b69192) Importer(815301076,1909f56bfc062723c751e8b465ee728b)
Start importing Assets/Sprites/f1.png using Guid(675b8979f79ed25449da6fd206b69192) Importer(815301076,1909f56bfc062723c751e8b465ee728b)  -> (artifact id: 'a06e73e1df95abd405f4e02c104d717c') in 0.561183 seconds 
========================================================================
Received Import Request.
  Time since last request: 0.000134 seconds.
  path: Assets/Sprites/f3.png
  artifactKey: Guid(74c317ed87f12424d8e658f410f7918c) Importer(815301076,1909f56bfc062723c751e8b465ee728b)
Start importing Assets/Sprites/f3.png using Guid(74c317ed87f12424d8e658f410f7918c) Importer(815301076,1909f56bfc062723c751e8b465ee728b)  -> (artifact id: 'd7f882c35eabe1abcd7a350581998181') in 0.162711 seconds 
========================================================================
Received Prepare
Registering precompiled user dll's ...
Registered in 0.043825 seconds.
Begin MonoManager ReloadAssembly
Native extension for WindowsStandalone target not found
Refreshing native plugins compatible for Editor in 3.91 ms, found 3 plugins.
Preloading 0 native plugins for Editor in 0.00 ms.
Mono: successfully reloaded assembly
- Completed reload, in 12.283 seconds
Domain Reload Profiling:
	ReloadAssembly (12290ms)
		BeginReloadAssembly (803ms)
			ExecutionOrderSort (0ms)
			DisableScriptedObjects (80ms)
			BackupInstance (0ms)
			ReleaseScriptingObjects (0ms)
			CreateAndSetChildDomain (212ms)
		EndReloadAssembly (10027ms)
			LoadAssemblies (607ms)
			RebuildTransferFunctionScriptingTraits (0ms)
			SetupTypeCache (1766ms)
			ReleaseScriptCaches (5ms)
			RebuildScriptCaches (402ms)
			SetupLoadedEditorAssemblies (5648ms)
				LogAssemblyErrors (0ms)
				InitializePlatformSupportModulesInManaged (217ms)
				SetLoadedEditorAssemblies (8ms)
				RefreshPlugins (4ms)
				BeforeProcessingInitializeOnLoad (481ms)
				ProcessInitializeOnLoadAttributes (4450ms)
				ProcessInitializeOnLoadMethodAttributes (354ms)
				AfterProcessingInitializeOnLoad (126ms)
				EditorAssembliesLoaded (7ms)
			ExecutionOrderSort2 (0ms)
			AwakeInstancesAfterBackupRestoration (150ms)
Platform modules already initialized, skipping
Refreshing native plugins compatible for Editor in 1.69 ms, found 3 plugins.
Preloading 0 native plugins for Editor in 0.00 ms.
Unloading 2424 Unused Serialized files (Serialized files now loaded: 0)
Unloading 35 unused Assets / (24.6 KB). Loaded Objects now: 3010.
Memory consumption went from 124.8 MB to 124.8 MB.
Total: 13.303000 ms (FindLiveObjects: 0.517000 ms CreateObjectMapping: 0.489000 ms MarkObjects: 12.222600 ms  DeleteObjects: 0.069700 ms)

AssetImportParameters requested are different than current active one (requested -> active):
  custom:video-decoder-ogg-theora: a1e56fd34408186e4bbccfd4996cb3dc -> 
  custom:container-muxer-webm: aa71ff27fc2769a1b78a27578f13a17b -> 
  custom:container-demuxer-webm: 4f35f7cbe854078d1ac9338744f61a02 -> 
  custom:video-encoder-webm-vp8: eb34c28f22e8b96e1ab97ce403110664 -> 
  custom:audio-encoder-webm-vorbis: bf7c407c2cedff20999df2af8eb42d56 -> 
  custom:framework-win-MediaFoundation: 216162199b28c13a410421893ffa2e32 -> 
  custom:container-demuxer-ogg: 62fdf1f143b41e24485cea50d1cbac27 -> 
  custom:video-decoder-webm-vp8: 9c59270c3fd7afecdb556c50c9e8de78 -> 
  custom:audio-decoder-ogg-vorbis: bf7c407c2cedff20999df2af8eb42d56 -> 
========================================================================
Received Prepare
Registering precompiled user dll's ...
Registered in 0.044578 seconds.
Begin MonoManager ReloadAssembly
Native extension for WindowsStandalone target not found
Refreshing native plugins compatible for Editor in 2.10 ms, found 3 plugins.
Preloading 0 native plugins for Editor in 0.00 ms.
Mono: successfully reloaded assembly
- Completed reload, in 11.058 seconds
Domain Reload Profiling:
	ReloadAssembly (11072ms)
		BeginReloadAssembly (1711ms)
			ExecutionOrderSort (0ms)
			DisableScriptedObjects (227ms)
			BackupInstance (0ms)
			ReleaseScriptingObjects (0ms)
			CreateAndSetChildDomain (240ms)
		EndReloadAssembly (8206ms)
			LoadAssemblies (1118ms)
			RebuildTransferFunctionScriptingTraits (0ms)
			SetupTypeCache (3075ms)
			ReleaseScriptCaches (4ms)
			RebuildScriptCaches (225ms)
			SetupLoadedEditorAssemblies (3216ms)
				LogAssemblyErrors (0ms)
				InitializePlatformSupportModulesInManaged (53ms)
				SetLoadedEditorAssemblies (5ms)
				RefreshPlugins (2ms)
				BeforeProcessingInitializeOnLoad (304ms)
				ProcessInitializeOnLoadAttributes (2421ms)
				ProcessInitializeOnLoadMethodAttributes (303ms)
				AfterProcessingInitializeOnLoad (126ms)
				EditorAssembliesLoaded (1ms)
			ExecutionOrderSort2 (0ms)
			AwakeInstancesAfterBackupRestoration (72ms)
Platform modules already initialized, skipping
Refreshing native plugins compatible for Editor in 1.70 ms, found 3 plugins.
Preloading 0 native plugins for Editor in 0.00 ms.
Unloading 2421 Unused Serialized files (Serialized files now loaded: 0)
Unloading 35 unused Assets / (25.6 KB). Loaded Objects now: 3012.
Memory consumption went from 124.7 MB to 124.6 MB.
Total: 18.086600 ms (FindLiveObjects: 0.477600 ms CreateObjectMapping: 0.306300 ms MarkObjects: 17.239100 ms  DeleteObjects: 0.060600 ms)

AssetImportParameters requested are different than current active one (requested -> active):
  custom:video-decoder-ogg-theora: a1e56fd34408186e4bbccfd4996cb3dc -> 
  custom:container-muxer-webm: aa71ff27fc2769a1b78a27578f13a17b -> 
  custom:container-demuxer-webm: 4f35f7cbe854078d1ac9338744f61a02 -> 
  custom:video-encoder-webm-vp8: eb34c28f22e8b96e1ab97ce403110664 -> 
  custom:audio-encoder-webm-vorbis: bf7c407c2cedff20999df2af8eb42d56 -> 
  custom:framework-win-MediaFoundation: 216162199b28c13a410421893ffa2e32 -> 
  custom:container-demuxer-ogg: 62fdf1f143b41e24485cea50d1cbac27 -> 
  custom:video-decoder-webm-vp8: 9c59270c3fd7afecdb556c50c9e8de78 -> 
  custom:audio-decoder-ogg-vorbis: bf7c407c2cedff20999df2af8eb42d56 -> 
========================================================================
Received Prepare
Registering precompiled user dll's ...
Registered in 0.044871 seconds.
Begin MonoManager ReloadAssembly
Native extension for WindowsStandalone target not found
Refreshing native plugins compatible for Editor in 170.08 ms, found 3 plugins.
Preloading 0 native plugins for Editor in 0.00 ms.
Mono: successfully reloaded assembly
- Completed reload, in 92.341 seconds
Domain Reload Profiling:
	ReloadAssembly (92355ms)
		BeginReloadAssembly (11826ms)
			ExecutionOrderSort (0ms)
			DisableScriptedObjects (257ms)
			BackupInstance (0ms)
			ReleaseScriptingObjects (0ms)
			CreateAndSetChildDomain (5371ms)
		EndReloadAssembly (74485ms)
			LoadAssemblies (5640ms)
			RebuildTransferFunctionScriptingTraits (1ms)
			SetupTypeCache (23091ms)
			ReleaseScriptCaches (18ms)
			RebuildScriptCaches (3538ms)
			SetupLoadedEditorAssemblies (32402ms)
				LogAssemblyErrors (0ms)
				InitializePlatformSupportModulesInManaged (155ms)
				SetLoadedEditorAssemblies (12ms)
				RefreshPlugins (170ms)
				BeforeProcessingInitializeOnLoad (2924ms)
				ProcessInitializeOnLoadAttributes (24994ms)
				ProcessInitializeOnLoadMethodAttributes (3331ms)
				AfterProcessingInitializeOnLoad (815ms)
				EditorAssembliesLoaded (1ms)
			ExecutionOrderSort2 (0ms)
			AwakeInstancesAfterBackupRestoration (830ms)
Platform modules already initialized, skipping
Refreshing native plugins compatible for Editor in 10.89 ms, found 3 plugins.
Preloading 0 native plugins for Editor in 0.00 ms.
Unloading 2421 Unused Serialized files (Serialized files now loaded: 0)
Unloading 35 unused Assets / (24.6 KB). Loaded Objects now: 3014.
Memory consumption went from 124.7 MB to 124.7 MB.
Total: 220.363600 ms (FindLiveObjects: 1.332000 ms CreateObjectMapping: 1.927400 ms MarkObjects: 217.004300 ms  DeleteObjects: 0.091800 ms)

AssetImportParameters requested are different than current active one (requested -> active):
  custom:video-decoder-ogg-theora: a1e56fd34408186e4bbccfd4996cb3dc -> 
  custom:container-muxer-webm: aa71ff27fc2769a1b78a27578f13a17b -> 
  custom:container-demuxer-webm: 4f35f7cbe854078d1ac9338744f61a02 -> 
  custom:video-encoder-webm-vp8: eb34c28f22e8b96e1ab97ce403110664 -> 
  custom:audio-encoder-webm-vorbis: bf7c407c2cedff20999df2af8eb42d56 -> 
  custom:framework-win-MediaFoundation: 216162199b28c13a410421893ffa2e32 -> 
  custom:container-demuxer-ogg: 62fdf1f143b41e24485cea50d1cbac27 -> 
  custom:video-decoder-webm-vp8: 9c59270c3fd7afecdb556c50c9e8de78 -> 
  custom:audio-decoder-ogg-vorbis: bf7c407c2cedff20999df2af8eb42d56 -> 
========================================================================
Received Import Request.
  Time since last request: 403.228330 seconds.
  path: Assets/Scenes/Nivel 1/Alimentos.unity
  artifactKey: Guid(7f197e6b9dee3f8489dd184c025ac963) Importer(815301076,1909f56bfc062723c751e8b465ee728b)
Start importing Assets/Scenes/Nivel 1/Alimentos.unity using Guid(7f197e6b9dee3f8489dd184c025ac963) Importer(815301076,1909f56bfc062723c751e8b465ee728b)  -> (artifact id: '874dc17b1117a0278aaf6ee934266667') in 0.096210 seconds 
========================================================================
Received Prepare
Registering precompiled user dll's ...
Registered in 0.043674 seconds.
Begin MonoManager ReloadAssembly
Native extension for WindowsStandalone target not found
Refreshing native plugins compatible for Editor in 2.10 ms, found 3 plugins.
Preloading 0 native plugins for Editor in 0.00 ms.
Mono: successfully reloaded assembly
- Completed reload, in 19.104 seconds
Domain Reload Profiling:
	ReloadAssembly (19111ms)
		BeginReloadAssembly (4794ms)
			ExecutionOrderSort (0ms)
			DisableScriptedObjects (616ms)
			BackupInstance (0ms)
			ReleaseScriptingObjects (4ms)
			CreateAndSetChildDomain (528ms)
		EndReloadAssembly (8964ms)
			LoadAssemblies (3856ms)
			RebuildTransferFunctionScriptingTraits (1ms)
			SetupTypeCache (4344ms)
			ReleaseScriptCaches (32ms)
			RebuildScriptCaches (288ms)
			SetupLoadedEditorAssemblies (2198ms)
				LogAssemblyErrors (0ms)
				InitializePlatformSupportModulesInManaged (50ms)
				SetLoadedEditorAssemblies (2ms)
				RefreshPlugins (2ms)
				BeforeProcessingInitializeOnLoad (233ms)
				ProcessInitializeOnLoadAttributes (1726ms)
				ProcessInitializeOnLoadMethodAttributes (154ms)
				AfterProcessingInitializeOnLoad (29ms)
				EditorAssembliesLoaded (0ms)
			ExecutionOrderSort2 (0ms)
			AwakeInstancesAfterBackupRestoration (60ms)
Platform modules already initialized, skipping
Refreshing native plugins compatible for Editor in 1.61 ms, found 3 plugins.
Preloading 0 native plugins for Editor in 0.00 ms.
Unloading 2421 Unused Serialized files (Serialized files now loaded: 0)
Unloading 35 unused Assets / (24.6 KB). Loaded Objects now: 3016.
Memory consumption went from 124.6 MB to 124.6 MB.
Total: 13.801400 ms (FindLiveObjects: 0.753100 ms CreateObjectMapping: 0.727000 ms MarkObjects: 12.188700 ms  DeleteObjects: 0.128500 ms)

AssetImportParameters requested are different than current active one (requested -> active):
  custom:video-decoder-ogg-theora: a1e56fd34408186e4bbccfd4996cb3dc -> 
  custom:container-muxer-webm: aa71ff27fc2769a1b78a27578f13a17b -> 
  custom:container-demuxer-webm: 4f35f7cbe854078d1ac9338744f61a02 -> 
  custom:video-encoder-webm-vp8: eb34c28f22e8b96e1ab97ce403110664 -> 
  custom:audio-encoder-webm-vorbis: bf7c407c2cedff20999df2af8eb42d56 -> 
  custom:framework-win-MediaFoundation: 216162199b28c13a410421893ffa2e32 -> 
  custom:container-demuxer-ogg: 62fdf1f143b41e24485cea50d1cbac27 -> 
  custom:video-decoder-webm-vp8: 9c59270c3fd7afecdb556c50c9e8de78 -> 
  custom:audio-decoder-ogg-vorbis: bf7c407c2cedff20999df2af8eb42d56 -> 
========================================================================
Received Import Request.
  Time since last request: 238.278403 seconds.
  path: Assets/Scenes/Nivel 1/Alimentos.unity
  artifactKey: Guid(7f197e6b9dee3f8489dd184c025ac963) Importer(815301076,1909f56bfc062723c751e8b465ee728b)
Start importing Assets/Scenes/Nivel 1/Alimentos.unity using Guid(7f197e6b9dee3f8489dd184c025ac963) Importer(815301076,1909f56bfc062723c751e8b465ee728b)  -> (artifact id: '3bc91601b50e5b5ac1fa33224cd8020e') in 0.078523 seconds 
========================================================================
Received Prepare
Registering precompiled user dll's ...
Registered in 0.030119 seconds.
Begin MonoManager ReloadAssembly
Native extension for WindowsStandalone target not found
Refreshing native plugins compatible for Editor in 1.78 ms, found 3 plugins.
Preloading 0 native plugins for Editor in 0.00 ms.
Mono: successfully reloaded assembly
- Completed reload, in 25.250 seconds
Domain Reload Profiling:
	ReloadAssembly (25257ms)
		BeginReloadAssembly (6289ms)
			ExecutionOrderSort (0ms)
			DisableScriptedObjects (500ms)
			BackupInstance (0ms)
			ReleaseScriptingObjects (0ms)
			CreateAndSetChildDomain (1539ms)
		EndReloadAssembly (14221ms)
			LoadAssemblies (3734ms)
			RebuildTransferFunctionScriptingTraits (0ms)
			SetupTypeCache (9995ms)
			ReleaseScriptCaches (4ms)
			RebuildScriptCaches (222ms)
			SetupLoadedEditorAssemblies (1850ms)
				LogAssemblyErrors (0ms)
				InitializePlatformSupportModulesInManaged (66ms)
				SetLoadedEditorAssemblies (3ms)
				RefreshPlugins (3ms)
				BeforeProcessingInitializeOnLoad (240ms)
				ProcessInitializeOnLoadAttributes (1358ms)
				ProcessInitializeOnLoadMethodAttributes (147ms)
				AfterProcessingInitializeOnLoad (31ms)
				EditorAssembliesLoaded (1ms)
			ExecutionOrderSort2 (0ms)
			AwakeInstancesAfterBackupRestoration (60ms)
Platform modules already initialized, skipping
Refreshing native plugins compatible for Editor in 3.97 ms, found 3 plugins.
Preloading 0 native plugins for Editor in 0.00 ms.
Unloading 2421 Unused Serialized files (Serialized files now loaded: 0)
Unloading 35 unused Assets / (25.6 KB). Loaded Objects now: 3018.
Memory consumption went from 124.7 MB to 124.7 MB.
Total: 12.727100 ms (FindLiveObjects: 0.469400 ms CreateObjectMapping: 0.440500 ms MarkObjects: 11.746400 ms  DeleteObjects: 0.068000 ms)

AssetImportParameters requested are different than current active one (requested -> active):
  custom:video-decoder-ogg-theora: a1e56fd34408186e4bbccfd4996cb3dc -> 
  custom:container-muxer-webm: aa71ff27fc2769a1b78a27578f13a17b -> 
  custom:container-demuxer-webm: 4f35f7cbe854078d1ac9338744f61a02 -> 
  custom:video-encoder-webm-vp8: eb34c28f22e8b96e1ab97ce403110664 -> 
  custom:audio-encoder-webm-vorbis: bf7c407c2cedff20999df2af8eb42d56 -> 
  custom:framework-win-MediaFoundation: 216162199b28c13a410421893ffa2e32 -> 
  custom:container-demuxer-ogg: 62fdf1f143b41e24485cea50d1cbac27 -> 
  custom:video-decoder-webm-vp8: 9c59270c3fd7afecdb556c50c9e8de78 -> 
  custom:audio-decoder-ogg-vorbis: bf7c407c2cedff20999df2af8eb42d56 -> 
========================================================================
Received Prepare
Registering precompiled user dll's ...
Registered in 0.036331 seconds.
Begin MonoManager ReloadAssembly
Native extension for WindowsStandalone target not found
Refreshing native plugins compatible for Editor in 1.84 ms, found 3 plugins.
Preloading 0 native plugins for Editor in 0.00 ms.
Mono: successfully reloaded assembly
- Completed reload, in 17.225 seconds
Domain Reload Profiling:
	ReloadAssembly (17235ms)
		BeginReloadAssembly (6875ms)
			ExecutionOrderSort (1ms)
			DisableScriptedObjects (455ms)
			BackupInstance (0ms)
			ReleaseScriptingObjects (0ms)
			CreateAndSetChildDomain (1408ms)
		EndReloadAssembly (5463ms)
			LoadAssemblies (4699ms)
			RebuildTransferFunctionScriptingTraits (0ms)
			SetupTypeCache (1748ms)
			ReleaseScriptCaches (4ms)
			RebuildScriptCaches (162ms)
			SetupLoadedEditorAssemblies (1525ms)
				LogAssemblyErrors (0ms)
				InitializePlatformSupportModulesInManaged (42ms)
				SetLoadedEditorAssemblies (1ms)
				RefreshPlugins (2ms)
				BeforeProcessingInitializeOnLoad (191ms)
				ProcessInitializeOnLoadAttributes (1143ms)
				ProcessInitializeOnLoadMethodAttributes (123ms)
				AfterProcessingInitializeOnLoad (21ms)
				EditorAssembliesLoaded (0ms)
			ExecutionOrderSort2 (0ms)
			AwakeInstancesAfterBackupRestoration (50ms)
Platform modules already initialized, skipping
Refreshing native plugins compatible for Editor in 1.79 ms, found 3 plugins.
Preloading 0 native plugins for Editor in 0.00 ms.
Unloading 2421 Unused Serialized files (Serialized files now loaded: 0)
Unloading 35 unused Assets / (24.6 KB). Loaded Objects now: 3020.
Memory consumption went from 124.7 MB to 124.7 MB.
Total: 9.434000 ms (FindLiveObjects: 0.522300 ms CreateObjectMapping: 0.420600 ms MarkObjects: 8.415800 ms  DeleteObjects: 0.071400 ms)

AssetImportParameters requested are different than current active one (requested -> active):
  custom:video-decoder-ogg-theora: a1e56fd34408186e4bbccfd4996cb3dc -> 
  custom:container-muxer-webm: aa71ff27fc2769a1b78a27578f13a17b -> 
  custom:container-demuxer-webm: 4f35f7cbe854078d1ac9338744f61a02 -> 
  custom:video-encoder-webm-vp8: eb34c28f22e8b96e1ab97ce403110664 -> 
  custom:audio-encoder-webm-vorbis: bf7c407c2cedff20999df2af8eb42d56 -> 
  custom:framework-win-MediaFoundation: 216162199b28c13a410421893ffa2e32 -> 
  custom:container-demuxer-ogg: 62fdf1f143b41e24485cea50d1cbac27 -> 
  custom:video-decoder-webm-vp8: 9c59270c3fd7afecdb556c50c9e8de78 -> 
  custom:audio-decoder-ogg-vorbis: bf7c407c2cedff20999df2af8eb42d56 -> 
========================================================================
Received Import Request.
  Time since last request: 333.557460 seconds.
  path: Assets/Sprites/f4.png
  artifactKey: Guid(796187fc7d4ee6d4da4e8c50bd1f44aa) Importer(815301076,1909f56bfc062723c751e8b465ee728b)
Start importing Assets/Sprites/f4.png using Guid(796187fc7d4ee6d4da4e8c50bd1f44aa) Importer(815301076,1909f56bfc062723c751e8b465ee728b)  -> (artifact id: 'fa551a90221d0e26846b406f6eabc09c') in 0.471666 seconds 
========================================================================
Received Import Request.
  Time since last request: 0.000092 seconds.
  path: Assets/Sprites/f5.png
  artifactKey: Guid(f89a23ef5641dd44493d3a5d5294fa65) Importer(815301076,1909f56bfc062723c751e8b465ee728b)
Start importing Assets/Sprites/f5.png using Guid(f89a23ef5641dd44493d3a5d5294fa65) Importer(815301076,1909f56bfc062723c751e8b465ee728b)  -> (artifact id: '252b80aa17e6ce6c848e459becb1b9df') in 0.187789 seconds 
========================================================================
Received Prepare
Registering precompiled user dll's ...
Registered in 0.076788 seconds.
Begin MonoManager ReloadAssembly
Native extension for WindowsStandalone target not found
Refreshing native plugins compatible for Editor in 2.86 ms, found 3 plugins.
Preloading 0 native plugins for Editor in 0.02 ms.
Mono: successfully reloaded assembly
- Completed reload, in 28.016 seconds
Domain Reload Profiling:
	ReloadAssembly (28025ms)
		BeginReloadAssembly (4889ms)
			ExecutionOrderSort (0ms)
			DisableScriptedObjects (726ms)
			BackupInstance (0ms)
			ReleaseScriptingObjects (2ms)
			CreateAndSetChildDomain (996ms)
		EndReloadAssembly (18871ms)
			LoadAssemblies (3850ms)
			RebuildTransferFunctionScriptingTraits (0ms)
			SetupTypeCache (12495ms)
			ReleaseScriptCaches (26ms)
			RebuildScriptCaches (1204ms)
			SetupLoadedEditorAssemblies (1950ms)
				LogAssemblyErrors (0ms)
				InitializePlatformSupportModulesInManaged (75ms)
				SetLoadedEditorAssemblies (3ms)
				RefreshPlugins (3ms)
				BeforeProcessingInitializeOnLoad (277ms)
				ProcessInitializeOnLoadAttributes (1427ms)
				ProcessInitializeOnLoadMethodAttributes (141ms)
				AfterProcessingInitializeOnLoad (24ms)
				EditorAssembliesLoaded (1ms)
			ExecutionOrderSort2 (0ms)
			AwakeInstancesAfterBackupRestoration (56ms)
Platform modules already initialized, skipping
Refreshing native plugins compatible for Editor in 1.94 ms, found 3 plugins.
Preloading 0 native plugins for Editor in 0.00 ms.
Unloading 2423 Unused Serialized files (Serialized files now loaded: 0)
Unloading 35 unused Assets / (24.6 KB). Loaded Objects now: 3052.
Memory consumption went from 127.4 MB to 127.4 MB.
Total: 10.821400 ms (FindLiveObjects: 0.475600 ms CreateObjectMapping: 0.299600 ms MarkObjects: 9.983400 ms  DeleteObjects: 0.059700 ms)

AssetImportParameters requested are different than current active one (requested -> active):
  custom:video-decoder-ogg-theora: a1e56fd34408186e4bbccfd4996cb3dc -> 
  custom:container-muxer-webm: aa71ff27fc2769a1b78a27578f13a17b -> 
  custom:container-demuxer-webm: 4f35f7cbe854078d1ac9338744f61a02 -> 
  custom:video-encoder-webm-vp8: eb34c28f22e8b96e1ab97ce403110664 -> 
  custom:audio-encoder-webm-vorbis: bf7c407c2cedff20999df2af8eb42d56 -> 
  custom:framework-win-MediaFoundation: 216162199b28c13a410421893ffa2e32 -> 
  custom:container-demuxer-ogg: 62fdf1f143b41e24485cea50d1cbac27 -> 
  custom:video-decoder-webm-vp8: 9c59270c3fd7afecdb556c50c9e8de78 -> 
  custom:audio-decoder-ogg-vorbis: bf7c407c2cedff20999df2af8eb42d56 -> 
========================================================================
Received Prepare
Registering precompiled user dll's ...
Registered in 0.036098 seconds.
Begin MonoManager ReloadAssembly
Native extension for WindowsStandalone target not found
Refreshing native plugins compatible for Editor in 29.85 ms, found 3 plugins.
Preloading 0 native plugins for Editor in 0.00 ms.
Mono: successfully reloaded assembly
- Completed reload, in  7.653 seconds
Domain Reload Profiling:
	ReloadAssembly (7655ms)
		BeginReloadAssembly (1712ms)
			ExecutionOrderSort (0ms)
			DisableScriptedObjects (504ms)
			BackupInstance (0ms)
			ReleaseScriptingObjects (0ms)
			CreateAndSetChildDomain (176ms)
		EndReloadAssembly (5251ms)
			LoadAssemblies (935ms)
			RebuildTransferFunctionScriptingTraits (0ms)
			SetupTypeCache (971ms)
			ReleaseScriptCaches (3ms)
			RebuildScriptCaches (422ms)
			SetupLoadedEditorAssemblies (2656ms)
				LogAssemblyErrors (0ms)
				InitializePlatformSupportModulesInManaged (307ms)
				SetLoadedEditorAssemblies (5ms)
				RefreshPlugins (30ms)
				BeforeProcessingInitializeOnLoad (387ms)
				ProcessInitializeOnLoadAttributes (1733ms)
				ProcessInitializeOnLoadMethodAttributes (134ms)
				AfterProcessingInitializeOnLoad (59ms)
				EditorAssembliesLoaded (1ms)
			ExecutionOrderSort2 (0ms)
			AwakeInstancesAfterBackupRestoration (66ms)
Platform modules already initialized, skipping
Refreshing native plugins compatible for Editor in 2.23 ms, found 3 plugins.
Preloading 0 native plugins for Editor in 0.00 ms.
Unloading 2421 Unused Serialized files (Serialized files now loaded: 0)
Unloading 35 unused Assets / (25.7 KB). Loaded Objects now: 3054.
Memory consumption went from 127.3 MB to 127.3 MB.
Total: 11.597100 ms (FindLiveObjects: 0.481900 ms CreateObjectMapping: 0.265500 ms MarkObjects: 10.777900 ms  DeleteObjects: 0.068900 ms)

AssetImportParameters requested are different than current active one (requested -> active):
  custom:video-decoder-ogg-theora: a1e56fd34408186e4bbccfd4996cb3dc -> 
  custom:container-muxer-webm: aa71ff27fc2769a1b78a27578f13a17b -> 
  custom:container-demuxer-webm: 4f35f7cbe854078d1ac9338744f61a02 -> 
  custom:video-encoder-webm-vp8: eb34c28f22e8b96e1ab97ce403110664 -> 
  custom:audio-encoder-webm-vorbis: bf7c407c2cedff20999df2af8eb42d56 -> 
  custom:framework-win-MediaFoundation: 216162199b28c13a410421893ffa2e32 -> 
  custom:container-demuxer-ogg: 62fdf1f143b41e24485cea50d1cbac27 -> 
  custom:video-decoder-webm-vp8: 9c59270c3fd7afecdb556c50c9e8de78 -> 
  custom:audio-decoder-ogg-vorbis: bf7c407c2cedff20999df2af8eb42d56 -> 
========================================================================
Received Import Request.
  Time since last request: 225.369003 seconds.
  path: Assets/Sprites/f6.png
  artifactKey: Guid(9f5ca5d7e311f514ea5bca593bc4a282) Importer(815301076,1909f56bfc062723c751e8b465ee728b)
Start importing Assets/Sprites/f6.png using Guid(9f5ca5d7e311f514ea5bca593bc4a282) Importer(815301076,1909f56bfc062723c751e8b465ee728b)  -> (artifact id: '5795e34cab83502e1302f2f6d4887f8c') in 0.376047 seconds 
========================================================================
Received Prepare
Registering precompiled user dll's ...
Registered in 0.034945 seconds.
Begin MonoManager ReloadAssembly
Native extension for WindowsStandalone target not found
Refreshing native plugins compatible for Editor in 14.45 ms, found 3 plugins.
Preloading 0 native plugins for Editor in 0.00 ms.
Mono: successfully reloaded assembly
- Completed reload, in 232.104 seconds
Domain Reload Profiling:
	ReloadAssembly (232128ms)
		BeginReloadAssembly (5031ms)
			ExecutionOrderSort (0ms)
			DisableScriptedObjects (511ms)
			BackupInstance (0ms)
			ReleaseScriptingObjects (0ms)
			CreateAndSetChildDomain (1398ms)
		EndReloadAssembly (200839ms)
			LoadAssemblies (11050ms)
			RebuildTransferFunctionScriptingTraits (0ms)
			SetupTypeCache (32629ms)
			ReleaseScriptCaches (32ms)
			RebuildScriptCaches (5445ms)
			SetupLoadedEditorAssemblies (127909ms)
				LogAssemblyErrors (0ms)
				InitializePlatformSupportModulesInManaged (2058ms)
				SetLoadedEditorAssemblies (523ms)
				RefreshPlugins (18ms)
				BeforeProcessingInitializeOnLoad (7412ms)
				ProcessInitializeOnLoadAttributes (96662ms)
				ProcessInitializeOnLoadMethodAttributes (17698ms)
				AfterProcessingInitializeOnLoad (2981ms)
				EditorAssembliesLoaded (556ms)
			ExecutionOrderSort2 (0ms)
			AwakeInstancesAfterBackupRestoration (8295ms)
Platform modules already initialized, skipping
Refreshing native plugins compatible for Editor in 20.64 ms, found 3 plugins.
Preloading 0 native plugins for Editor in 0.00 ms.
Unloading 2422 Unused Serialized files (Serialized files now loaded: 0)
Unloading 35 unused Assets / (24.6 KB). Loaded Objects now: 3071.
Memory consumption went from 128.6 MB to 128.6 MB.
Total: 495.124100 ms (FindLiveObjects: 27.033300 ms CreateObjectMapping: 2.584600 ms MarkObjects: 465.148800 ms  DeleteObjects: 0.354000 ms)

AssetImportParameters requested are different than current active one (requested -> active):
  custom:video-decoder-ogg-theora: a1e56fd34408186e4bbccfd4996cb3dc -> 
  custom:container-muxer-webm: aa71ff27fc2769a1b78a27578f13a17b -> 
  custom:container-demuxer-webm: 4f35f7cbe854078d1ac9338744f61a02 -> 
  custom:video-encoder-webm-vp8: eb34c28f22e8b96e1ab97ce403110664 -> 
  custom:audio-encoder-webm-vorbis: bf7c407c2cedff20999df2af8eb42d56 -> 
  custom:framework-win-MediaFoundation: 216162199b28c13a410421893ffa2e32 -> 
  custom:container-demuxer-ogg: 62fdf1f143b41e24485cea50d1cbac27 -> 
  custom:video-decoder-webm-vp8: 9c59270c3fd7afecdb556c50c9e8de78 -> 
  custom:audio-decoder-ogg-vorbis: bf7c407c2cedff20999df2af8eb42d56 -> 
========================================================================
Received Import Request.
  Time since last request: 437.351762 seconds.
  path: Assets/Scenes/Nivel 1/Alimentos.unity
  artifactKey: Guid(7f197e6b9dee3f8489dd184c025ac963) Importer(815301076,1909f56bfc062723c751e8b465ee728b)
Start importing Assets/Scenes/Nivel 1/Alimentos.unity using Guid(7f197e6b9dee3f8489dd184c025ac963) Importer(815301076,1909f56bfc062723c751e8b465ee728b)  -> (artifact id: '7ee10ebaefa4d82f2d3b43c18698e2e4') in 0.090391 seconds 
========================================================================
Received Prepare
Registering precompiled user dll's ...
Registered in 0.034372 seconds.
Begin MonoManager ReloadAssembly
Native extension for WindowsStandalone target not found
Refreshing native plugins compatible for Editor in 2.73 ms, found 3 plugins.
Preloading 0 native plugins for Editor in 0.00 ms.
Mono: successfully reloaded assembly
- Completed reload, in  9.016 seconds
Domain Reload Profiling:
	ReloadAssembly (9018ms)
		BeginReloadAssembly (1174ms)
			ExecutionOrderSort (0ms)
			DisableScriptedObjects (38ms)
			BackupInstance (0ms)
			ReleaseScriptingObjects (0ms)
			CreateAndSetChildDomain (615ms)
		EndReloadAssembly (7352ms)
			LoadAssemblies (448ms)
			RebuildTransferFunctionScriptingTraits (0ms)
			SetupTypeCache (1490ms)
			ReleaseScriptCaches (4ms)
			RebuildScriptCaches (468ms)
			SetupLoadedEditorAssemblies (2834ms)
				LogAssemblyErrors (0ms)
				InitializePlatformSupportModulesInManaged (44ms)
				SetLoadedEditorAssemblies (2ms)
				RefreshPlugins (3ms)
				BeforeProcessingInitializeOnLoad (271ms)
				ProcessInitializeOnLoadAttributes (2327ms)
				ProcessInitializeOnLoadMethodAttributes (159ms)
				AfterProcessingInitializeOnLoad (28ms)
				EditorAssembliesLoaded (1ms)
			ExecutionOrderSort2 (0ms)
			AwakeInstancesAfterBackupRestoration (60ms)
Platform modules already initialized, skipping
Refreshing native plugins compatible for Editor in 1.73 ms, found 3 plugins.
Preloading 0 native plugins for Editor in 0.00 ms.
Unloading 2421 Unused Serialized files (Serialized files now loaded: 0)
Unloading 35 unused Assets / (24.7 KB). Loaded Objects now: 3073.
Memory consumption went from 128.6 MB to 128.6 MB.
Total: 12.101500 ms (FindLiveObjects: 0.591400 ms CreateObjectMapping: 0.469400 ms MarkObjects: 10.964600 ms  DeleteObjects: 0.072400 ms)

AssetImportParameters requested are different than current active one (requested -> active):
  custom:video-decoder-ogg-theora: a1e56fd34408186e4bbccfd4996cb3dc -> 
  custom:container-muxer-webm: aa71ff27fc2769a1b78a27578f13a17b -> 
  custom:container-demuxer-webm: 4f35f7cbe854078d1ac9338744f61a02 -> 
  custom:video-encoder-webm-vp8: eb34c28f22e8b96e1ab97ce403110664 -> 
  custom:audio-encoder-webm-vorbis: bf7c407c2cedff20999df2af8eb42d56 -> 
  custom:framework-win-MediaFoundation: 216162199b28c13a410421893ffa2e32 -> 
  custom:container-demuxer-ogg: 62fdf1f143b41e24485cea50d1cbac27 -> 
  custom:video-decoder-webm-vp8: 9c59270c3fd7afecdb556c50c9e8de78 -> 
  custom:audio-decoder-ogg-vorbis: bf7c407c2cedff20999df2af8eb42d56 -> 
========================================================================
Received Import Request.
  Time since last request: 75.803534 seconds.
  path: Assets/Scenes/Nivel 1/Nùmeros.unity
  artifactKey: Guid(4e16c14ff52be404cb2a6f1316bcb4c0) Importer(815301076,1909f56bfc062723c751e8b465ee728b)
Start importing Assets/Scenes/Nivel 1/Nùmeros.unity using Guid(4e16c14ff52be404cb2a6f1316bcb4c0) Importer(815301076,1909f56bfc062723c751e8b465ee728b)  -> (artifact id: 'ed2b893a135fd5f6d2acfbbc04a909c2') in 0.070419 seconds 
========================================================================
Received Import Request.
  Time since last request: 17.821592 seconds.
  path: Assets/Scenes/Nivel 1/Transporte.unity
  artifactKey: Guid(55027cda85748cb4bb58d62d11d74fd7) Importer(815301076,1909f56bfc062723c751e8b465ee728b)
Start importing Assets/Scenes/Nivel 1/Transporte.unity using Guid(55027cda85748cb4bb58d62d11d74fd7) Importer(815301076,1909f56bfc062723c751e8b465ee728b)  -> (artifact id: '6a5d10ae6be00090bb6559b1c80c8644') in 0.031956 seconds 
========================================================================
Received Import Request.
  Time since last request: 30.336605 seconds.
  path: Assets/Scenes/Nivel 2/Alimentos2.unity
  artifactKey: Guid(5c68e87efaefbe74d9fac3132053b5b7) Importer(815301076,1909f56bfc062723c751e8b465ee728b)
Start importing Assets/Scenes/Nivel 2/Alimentos2.unity using Guid(5c68e87efaefbe74d9fac3132053b5b7) Importer(815301076,1909f56bfc062723c751e8b465ee728b)  -> (artifact id: '0e04f390b125f8b80cbaeec501a66294') in 0.028015 seconds 
========================================================================
Received Import Request.
  Time since last request: 20.282852 seconds.
  path: Assets/Scenes/Nivel 2/Números2.unity
  artifactKey: Guid(b485aa1a74faa504dbb32c139cd935de) Importer(815301076,1909f56bfc062723c751e8b465ee728b)
Start importing Assets/Scenes/Nivel 2/Números2.unity using Guid(b485aa1a74faa504dbb32c139cd935de) Importer(815301076,1909f56bfc062723c751e8b465ee728b)  -> (artifact id: 'dea8db4466fd47dfbdc3774d31e1bad2') in 0.028376 seconds 
========================================================================
Received Import Request.
  Time since last request: 4.073165 seconds.
  path: Assets/Scenes/Nivel 2/Animales2.unity
  artifactKey: Guid(d88efe118cce0e84287aed893c93868a) Importer(815301076,1909f56bfc062723c751e8b465ee728b)
Start importing Assets/Scenes/Nivel 2/Animales2.unity using Guid(d88efe118cce0e84287aed893c93868a) Importer(815301076,1909f56bfc062723c751e8b465ee728b)  -> (artifact id: '3f95940e1568b609aa1e2b456a3bcb14') in 0.025936 seconds 
========================================================================
Received Import Request.
  Time since last request: 45.525265 seconds.
  path: Assets/Scenes/Nivel 2/Transportes2.unity
  artifactKey: Guid(fe4d9325f04a1c54b8f6ba670f84fdfd) Importer(815301076,1909f56bfc062723c751e8b465ee728b)
Start importing Assets/Scenes/Nivel 2/Transportes2.unity using Guid(fe4d9325f04a1c54b8f6ba670f84fdfd) Importer(815301076,1909f56bfc062723c751e8b465ee728b)  -> (artifact id: '65a078b44f7c030fedf7dc7905ab8f61') in 0.034535 seconds 
========================================================================
Received Import Request.
  Time since last request: 25.480991 seconds.
  path: Assets/Scenes/Nivel 3/Alimentos 3.unity
  artifactKey: Guid(b33ab06cb10992d42a549b959bf900ee) Importer(815301076,1909f56bfc062723c751e8b465ee728b)
Start importing Assets/Scenes/Nivel 3/Alimentos 3.unity using Guid(b33ab06cb10992d42a549b959bf900ee) Importer(815301076,1909f56bfc062723c751e8b465ee728b)  -> (artifact id: 'eec07243912b89f2e52ff903efba29b9') in 0.010360 seconds 
========================================================================
Received Import Request.
  Time since last request: 15.319863 seconds.
  path: Assets/Scenes/Nivel 3/Animales 3.unity
  artifactKey: Guid(bb4ac95d3a5928e4ba8b5e2f6db54953) Importer(815301076,1909f56bfc062723c751e8b465ee728b)
Start importing Assets/Scenes/Nivel 3/Animales 3.unity using Guid(bb4ac95d3a5928e4ba8b5e2f6db54953) Importer(815301076,1909f56bfc062723c751e8b465ee728b)  -> (artifact id: '2831dc5f052ce11246733a67a6dfb86f') in 0.014043 seconds 
========================================================================
Received Import Request.
  Time since last request: 26.470501 seconds.
  path: Assets/Scenes/Nivel 3/Números 3.unity
  artifactKey: Guid(38ad876d5eaabd549af34180e8c2ec4f) Importer(815301076,1909f56bfc062723c751e8b465ee728b)
Start importing Assets/Scenes/Nivel 3/Números 3.unity using Guid(38ad876d5eaabd549af34180e8c2ec4f) Importer(815301076,1909f56bfc062723c751e8b465ee728b)  -> (artifact id: 'da0e2c65a153ec6f8e5d775db0ed2940') in 0.043835 seconds 
========================================================================
Received Import Request.
  Time since last request: 23.226589 seconds.
  path: Assets/Scenes/Nivel 3/Transportes 3.unity
  artifactKey: Guid(72484d439897f584cb4c12501ec101a7) Importer(815301076,1909f56bfc062723c751e8b465ee728b)
Start importing Assets/Scenes/Nivel 3/Transportes 3.unity using Guid(72484d439897f584cb4c12501ec101a7) Importer(815301076,1909f56bfc062723c751e8b465ee728b)  -> (artifact id: '38c30be85ac27814953ca75a8b3f3b13') in 0.031803 seconds 
========================================================================
Received Import Request.
  Time since last request: 16.686235 seconds.
  path: Assets/Scenes/Nivel 3/Alimentos 3.unity
  artifactKey: Guid(b33ab06cb10992d42a549b959bf900ee) Importer(815301076,1909f56bfc062723c751e8b465ee728b)
Start importing Assets/Scenes/Nivel 3/Alimentos 3.unity using Guid(b33ab06cb10992d42a549b959bf900ee) Importer(815301076,1909f56bfc062723c751e8b465ee728b)  -> (artifact id: '9e14448c196f22fb59f6062b4e124d9b') in 0.026365 seconds 
========================================================================
Received Import Request.
  Time since last request: 17.051527 seconds.
  path: Assets/Scenes/Nivel 3/Animales 3.unity
  artifactKey: Guid(bb4ac95d3a5928e4ba8b5e2f6db54953) Importer(815301076,1909f56bfc062723c751e8b465ee728b)
Start importing Assets/Scenes/Nivel 3/Animales 3.unity using Guid(bb4ac95d3a5928e4ba8b5e2f6db54953) Importer(815301076,1909f56bfc062723c751e8b465ee728b)  -> (artifact id: '33504594068b5a6a801efd44b0f791e2') in 0.021572 seconds 
========================================================================
Received Import Request.
  Time since last request: 5.891920 seconds.
  path: Assets/Scenes/Nivel 3/Alimentos 3.unity
  artifactKey: Guid(b33ab06cb10992d42a549b959bf900ee) Importer(815301076,1909f56bfc062723c751e8b465ee728b)
Start importing Assets/Scenes/Nivel 3/Alimentos 3.unity using Guid(b33ab06cb10992d42a549b959bf900ee) Importer(815301076,1909f56bfc062723c751e8b465ee728b)  -> (artifact id: '31d28a66108970b6ab8e353625848082') in 0.007889 seconds 
========================================================================
Received Import Request.
  Time since last request: 20.071450 seconds.
  path: Assets/Scenes/Nivel 3/Números 3.unity
  artifactKey: Guid(38ad876d5eaabd549af34180e8c2ec4f) Importer(815301076,1909f56bfc062723c751e8b465ee728b)
Start importing Assets/Scenes/Nivel 3/Números 3.unity using Guid(38ad876d5eaabd549af34180e8c2ec4f) Importer(815301076,1909f56bfc062723c751e8b465ee728b)  -> (artifact id: '2a60b25a99effb78fa28bea75ed757d9') in 0.023272 seconds 
========================================================================
Received Import Request.
  Time since last request: 2.361053 seconds.
  path: Assets/Scenes/Nivel 3/Animales 3.unity
  artifactKey: Guid(bb4ac95d3a5928e4ba8b5e2f6db54953) Importer(815301076,1909f56bfc062723c751e8b465ee728b)
Start importing Assets/Scenes/Nivel 3/Animales 3.unity using Guid(bb4ac95d3a5928e4ba8b5e2f6db54953) Importer(815301076,1909f56bfc062723c751e8b465ee728b)  -> (artifact id: 'a2447d891dc19a0755a0cfc312cb4edd') in 0.020070 seconds 
========================================================================
Received Import Request.
  Time since last request: 16.035689 seconds.
  path: Assets/Scenes/Nivel 3/Transportes 3.unity
  artifactKey: Guid(72484d439897f584cb4c12501ec101a7) Importer(815301076,1909f56bfc062723c751e8b465ee728b)
Start importing Assets/Scenes/Nivel 3/Transportes 3.unity using Guid(72484d439897f584cb4c12501ec101a7) Importer(815301076,1909f56bfc062723c751e8b465ee728b)  -> (artifact id: 'f0e054aa6da70aa79aeb2ffc6992e578') in 0.026107 seconds 
========================================================================
Received Import Request.
  Time since last request: 2.919051 seconds.
  path: Assets/Scenes/Nivel 3/Números 3.unity
  artifactKey: Guid(38ad876d5eaabd549af34180e8c2ec4f) Importer(815301076,1909f56bfc062723c751e8b465ee728b)
Start importing Assets/Scenes/Nivel 3/Números 3.unity using Guid(38ad876d5eaabd549af34180e8c2ec4f) Importer(815301076,1909f56bfc062723c751e8b465ee728b)  -> (artifact id: 'b03b45997dc04d1c2de74e40cf83dc7a') in 0.023340 seconds 
========================================================================
Received Import Request.
  Time since last request: 17.673767 seconds.
  path: Assets/Scenes/Nivel 2/Alimentos2.unity
  artifactKey: Guid(5c68e87efaefbe74d9fac3132053b5b7) Importer(815301076,1909f56bfc062723c751e8b465ee728b)
Start importing Assets/Scenes/Nivel 2/Alimentos2.unity using Guid(5c68e87efaefbe74d9fac3132053b5b7) Importer(815301076,1909f56bfc062723c751e8b465ee728b)  -> (artifact id: '35edd6612a338b81324638db6443b638') in 0.022985 seconds 
========================================================================
Received Import Request.
  Time since last request: 1.117793 seconds.
  path: Assets/Scenes/Nivel 2/Animales2.unity
  artifactKey: Guid(d88efe118cce0e84287aed893c93868a) Importer(815301076,1909f56bfc062723c751e8b465ee728b)
Start importing Assets/Scenes/Nivel 2/Animales2.unity using Guid(d88efe118cce0e84287aed893c93868a) Importer(815301076,1909f56bfc062723c751e8b465ee728b)  -> (artifact id: 'a4c6a974548eef327c3c1b55c5cf3cd9') in 0.020384 seconds 
========================================================================
Received Import Request.
  Time since last request: 1.011243 seconds.
  path: Assets/Scenes/Nivel 2/Números2.unity
  artifactKey: Guid(b485aa1a74faa504dbb32c139cd935de) Importer(815301076,1909f56bfc062723c751e8b465ee728b)
Start importing Assets/Scenes/Nivel 2/Números2.unity using Guid(b485aa1a74faa504dbb32c139cd935de) Importer(815301076,1909f56bfc062723c751e8b465ee728b)  -> (artifact id: 'cf78dbe3855f8891c7856b79e1417ade') in 0.022693 seconds 
========================================================================
Received Import Request.
  Time since last request: 1.052366 seconds.
  path: Assets/Scenes/Nivel 2/Transportes2.unity
  artifactKey: Guid(fe4d9325f04a1c54b8f6ba670f84fdfd) Importer(815301076,1909f56bfc062723c751e8b465ee728b)
Start importing Assets/Scenes/Nivel 2/Transportes2.unity using Guid(fe4d9325f04a1c54b8f6ba670f84fdfd) Importer(815301076,1909f56bfc062723c751e8b465ee728b)  -> (artifact id: '39aca17e6e205e578b82634fbe0808e1') in 0.006641 seconds 
========================================================================
Received Import Request.
  Time since last request: 15.746477 seconds.
  path: Assets/Scenes/Nivel 2/Transportes2.unity
  artifactKey: Guid(fe4d9325f04a1c54b8f6ba670f84fdfd) Importer(815301076,1909f56bfc062723c751e8b465ee728b)
Start importing Assets/Scenes/Nivel 2/Transportes2.unity using Guid(fe4d9325f04a1c54b8f6ba670f84fdfd) Importer(815301076,1909f56bfc062723c751e8b465ee728b)  -> (artifact id: '5e3c121b4358e9ab23d4c6fcc0df4c3a') in 0.008363 seconds 
========================================================================
Received Import Request.
  Time since last request: 7.083555 seconds.
  path: Assets/Scenes/Nivel 1/Animales.unity
  artifactKey: Guid(c38d8150df2f3214b9c59b4ef2dcd794) Importer(815301076,1909f56bfc062723c751e8b465ee728b)
Start importing Assets/Scenes/Nivel 1/Animales.unity using Guid(c38d8150df2f3214b9c59b4ef2dcd794) Importer(815301076,1909f56bfc062723c751e8b465ee728b)  -> (artifact id: 'b0b299d592111a1ab8eb75b36ff1fb06') in 0.022961 seconds 
========================================================================
Received Import Request.
  Time since last request: 1.015894 seconds.
  path: Assets/Scenes/Nivel 1/Nùmeros.unity
  artifactKey: Guid(4e16c14ff52be404cb2a6f1316bcb4c0) Importer(815301076,1909f56bfc062723c751e8b465ee728b)
Start importing Assets/Scenes/Nivel 1/Nùmeros.unity using Guid(4e16c14ff52be404cb2a6f1316bcb4c0) Importer(815301076,1909f56bfc062723c751e8b465ee728b)  -> (artifact id: '6ecc407f97f73c55b12dd8db40da8817') in 0.045538 seconds 
========================================================================
Received Import Request.
  Time since last request: 0.939599 seconds.
  path: Assets/Scenes/Nivel 1/Transporte.unity
  artifactKey: Guid(55027cda85748cb4bb58d62d11d74fd7) Importer(815301076,1909f56bfc062723c751e8b465ee728b)
Start importing Assets/Scenes/Nivel 1/Transporte.unity using Guid(55027cda85748cb4bb58d62d11d74fd7) Importer(815301076,1909f56bfc062723c751e8b465ee728b)  -> (artifact id: '5d4e17174442a1e8b66a03f1c1e336ae') in 0.011938 seconds 
========================================================================
Received Prepare
Registering precompiled user dll's ...
Registered in 0.040644 seconds.
Begin MonoManager ReloadAssembly
Native extension for WindowsStandalone target not found
Refreshing native plugins compatible for Editor in 1.74 ms, found 3 plugins.
Preloading 0 native plugins for Editor in 0.00 ms.
Mono: successfully reloaded assembly
- Completed reload, in 59.292 seconds
Domain Reload Profiling:
	ReloadAssembly (59296ms)
		BeginReloadAssembly (17593ms)
			ExecutionOrderSort (0ms)
			DisableScriptedObjects (4046ms)
			BackupInstance (0ms)
			ReleaseScriptingObjects (1ms)
			CreateAndSetChildDomain (6550ms)
		EndReloadAssembly (39652ms)
			LoadAssemblies (1680ms)
			RebuildTransferFunctionScriptingTraits (0ms)
			SetupTypeCache (1920ms)
			ReleaseScriptCaches (4ms)
			RebuildScriptCaches (4220ms)
			SetupLoadedEditorAssemblies (29240ms)
				LogAssemblyErrors (0ms)
				InitializePlatformSupportModulesInManaged (66ms)
				SetLoadedEditorAssemblies (2ms)
				RefreshPlugins (2ms)
				BeforeProcessingInitializeOnLoad (834ms)
				ProcessInitializeOnLoadAttributes (27912ms)
				ProcessInitializeOnLoadMethodAttributes (383ms)
				AfterProcessingInitializeOnLoad (39ms)
				EditorAssembliesLoaded (1ms)
			ExecutionOrderSort2 (0ms)
			AwakeInstancesAfterBackupRestoration (323ms)
Platform modules already initialized, skipping
Refreshing native plugins compatible for Editor in 1.75 ms, found 3 plugins.
Preloading 0 native plugins for Editor in 0.00 ms.
Unloading 2421 Unused Serialized files (Serialized files now loaded: 0)
Unloading 35 unused Assets / (25.7 KB). Loaded Objects now: 3075.
Memory consumption went from 128.7 MB to 128.7 MB.
Total: 17.471300 ms (FindLiveObjects: 0.537400 ms CreateObjectMapping: 0.556500 ms MarkObjects: 16.293100 ms  DeleteObjects: 0.079700 ms)

AssetImportParameters requested are different than current active one (requested -> active):
  custom:video-decoder-ogg-theora: a1e56fd34408186e4bbccfd4996cb3dc -> 
  custom:container-muxer-webm: aa71ff27fc2769a1b78a27578f13a17b -> 
  custom:container-demuxer-webm: 4f35f7cbe854078d1ac9338744f61a02 -> 
  custom:video-encoder-webm-vp8: eb34c28f22e8b96e1ab97ce403110664 -> 
  custom:audio-encoder-webm-vorbis: bf7c407c2cedff20999df2af8eb42d56 -> 
  custom:framework-win-MediaFoundation: 216162199b28c13a410421893ffa2e32 -> 
  custom:container-demuxer-ogg: 62fdf1f143b41e24485cea50d1cbac27 -> 
  custom:video-decoder-webm-vp8: 9c59270c3fd7afecdb556c50c9e8de78 -> 
  custom:audio-decoder-ogg-vorbis: bf7c407c2cedff20999df2af8eb42d56 -> 
========================================================================
Received Prepare
Registering precompiled user dll's ...
Registered in 0.074943 seconds.
Begin MonoManager ReloadAssembly
Native extension for WindowsStandalone target not found
Refreshing native plugins compatible for Editor in 2.96 ms, found 3 plugins.
Preloading 0 native plugins for Editor in 0.00 ms.
Mono: successfully reloaded assembly
- Completed reload, in 104.637 seconds
Domain Reload Profiling:
	ReloadAssembly (104662ms)
		BeginReloadAssembly (10900ms)
			ExecutionOrderSort (0ms)
			DisableScriptedObjects (1535ms)
			BackupInstance (0ms)
			ReleaseScriptingObjects (3ms)
			CreateAndSetChildDomain (2285ms)
		EndReloadAssembly (80918ms)
			LoadAssemblies (8952ms)
			RebuildTransferFunctionScriptingTraits (0ms)
			SetupTypeCache (17472ms)
			ReleaseScriptCaches (4ms)
			RebuildScriptCaches (383ms)
			SetupLoadedEditorAssemblies (55061ms)
				LogAssemblyErrors (0ms)
				InitializePlatformSupportModulesInManaged (53ms)
				SetLoadedEditorAssemblies (2ms)
				RefreshPlugins (3ms)
				BeforeProcessingInitializeOnLoad (266ms)
				ProcessInitializeOnLoadAttributes (51582ms)
				ProcessInitializeOnLoadMethodAttributes (2796ms)
				AfterProcessingInitializeOnLoad (352ms)
				EditorAssembliesLoaded (7ms)
			ExecutionOrderSort2 (0ms)
			AwakeInstancesAfterBackupRestoration (825ms)
Platform modules already initialized, skipping
