
=== Mon Oct 11 20:48:46 2021

Packages were changed.
Update Mode: updateDependencies

The following packages were updated:
  com.unity.2d.spriteshape from version 3.0.16 to 3.0.17
  com.unity.collab-proxy from version 1.8.0 to 1.10.2
  com.unity.ide.vscode from version 1.2.3 to 1.2.4
  com.unity.mobile.android-logcat from version 1.2.2 to 1.2.3
  com.unity.test-framework from version 1.1.27 to 1.1.29

=== Thu Nov 18 16:03:42 2021

Packages were changed.
Update Mode: updateDependencies

The following packages were updated:
  com.unity.2d.animation from version 3.2.10 to 7.0.1
  com.unity.2d.pixel-perfect from version 2.1.0 to 5.0.1
  com.unity.2d.psdimporter from version 2.1.8 to 6.0.1
  com.unity.2d.spriteshape from version 3.0.17 to 7.0.2
  com.unity.collab-proxy from version 1.10.2 to 1.13.5
  com.unity.ide.rider from version 1.2.1 to 3.0.7
  com.unity.textmeshpro from version 2.1.6 to 3.0.6
  com.unity.timeline from version 1.2.18 to 1.6.2
